

Microchip MPLAB XC8 Assembler V2.40 build 20220703182018 
                                                                                               Sun Dec 10 03:04:34 2023

Microchip MPLAB XC8 C Compiler v2.40 (Free license) build 20220703182018 Og1 
     1                           	processor	18F26K83
     2                           	fnconf	rparam,??,?,0
     3                           	pagewidth 120
     4                           	opt	flic
     5                           	psect	cinit,global,reloc=2,class=CODE,delta=1
     6                           	psect	bssCOMRAM,global,class=COMRAM,space=1,delta=1,lowdata,noexec
     7                           	psect	cstackCOMRAM,global,class=COMRAM,space=1,delta=1,lowdata,noexec
     8                           	psect	text0,global,reloc=2,class=CODE,delta=1
     9                           	psect	text1,global,reloc=2,class=CODE,delta=1
    10                           	psect	text2,global,reloc=2,class=CODE,delta=1
    11                           	psect	text3,global,reloc=2,class=CODE,delta=1
    12                           	psect	text4,global,reloc=2,class=CODE,delta=1
    13                           	psect	text5,global,reloc=2,class=CODE,delta=1
    14                           	psect	text6,global,reloc=2,class=CODE,delta=1
    15                           	psect	text7,global,reloc=2,class=CODE,delta=1
    16                           	psect	intsave_regs,global,class=BIGRAM,space=1,delta=1,noexec
    17                           	psect	rparam,global,class=COMRAM,space=1,delta=1,noexec
    18                           	psect	idloc,global,abs,ovrld,class=IDLOC,space=5,delta=1,noexec
    19                           	psect	config,global,abs,ovrld,class=CONFIG,space=4,delta=1,noexec
    20   000000                     
    21                           ; Generated 06/04/2022 GMT
    22                           ; 
    23                           ; Copyright © 2022, Microchip Technology Inc. and its subsidiaries ("Microchip")
    24                           ; All rights reserved.
    25                           ; 
    26                           ; This software is developed by Microchip Technology Inc. and its subsidiaries ("Microch
      +                          ip").
    27                           ; 
    28                           ; Redistribution and use in source and binary forms, with or without modification, are
    29                           ; permitted provided that the following conditions are met:
    30                           ; 
    31                           ;     1. Redistributions of source code must retain the above copyright notice, this lis
      +                          t of
    32                           ;        conditions and the following disclaimer.
    33                           ; 
    34                           ;     2. Redistributions in binary form must reproduce the above copyright notice, this 
      +                          list
    35                           ;        of conditions and the following disclaimer in the documentation and/or other
    36                           ;        materials provided with the distribution. Publication is not required when
    37                           ;        this file is used in an embedded application.
    38                           ; 
    39                           ;     3. Microchip's name may not be used to endorse or promote products derived from th
      +                          is
    40                           ;        software without specific prior written permission.
    41                           ; 
    42                           ; THIS SOFTWARE IS PROVIDED BY MICROCHIP "AS IS" AND ANY EXPRESS OR IMPLIED WARRANTIES,
    43                           ; INCLUDING, BUT NOT LIMITED TO, THE IMPLIED WARRANTIES OF MERCHANTABILITY AND FITNESS F
      +                          OR
    44                           ; PURPOSE ARE DISCLAIMED.  IN NO EVENT SHALL MICROCHIP BE LIABLE FOR ANY DIRECT, INDIREC
      +                          T,
    45                           ; INCIDENTAL, SPECIAL, EXEMPLARY, OR CONSEQUENTIAL DAMAGES (INCLUDING BUT NOT LIMITED TO
    46                           ; PROCUREMENT OF SUBSTITUTE GOODS OR SERVICES; LOSS OF USE, DATA OR PROFITS; OR BUSINESS
    47                           ; INTERRUPTION) HOWSOEVER CAUSED AND ON ANY THEORY OF LIABILITY, WHETHER IN CONTRACT, ST
      +                          RICT
    48                           ; LIABILITY, OR TORT (INCLUDING NEGLIGENCE OR OTHERWISE) ARISING IN ANY WAY OUT OF THE U
      +                          SE OF
    49                           ; THIS SOFTWARE, EVEN IF ADVISED OF THE POSSIBILITY OF SUCH DAMAGE.
    50                           ; 
    51                           ; 
    52                           ; Code-generator required, PIC18F26K83 Definitions
    53                           ; 
    54                           ; SFR Addresses
    55   000000                     _OSCTUNE	set	14814
    56   000000                     _OSCFRQ	set	14815
    57   000000                     _OSCEN	set	14813
    58   000000                     _T0CON0	set	16312
    59   000000                     _DMA1CON0	set	15356
    60   000000                     _DMA1AIRQ	set	15358
    61   000000                     _DMA1SIRQ	set	15359
    62   000000                     _DMA1CON1	set	15357
    63   000000                     _PLLR	set	118496
    64   000000                     _PRLOCKbits	set	14831
    65   000000                     _DMA1CON0bits	set	15356
    66   000000                     _DMA1CON1bits	set	15357
    67   000000                     _T0CON0bits	set	16312
    68   000000                     _DMA1SSA	set	15353
    69   000000                     _DMA1DSZ	set	15342
    70   000000                     _DMA1DSA	set	15344
    71   000000                     _PIE2bits	set	14738
    72   000000                     _PIR2bits	set	14754
    73   000000                     _DMA1SPTR	set	15348
    74   000000                     _DMA1SSZ	set	15351
    75   000000                     _TMR0L	set	16310
    76   000000                     _TMR0H	set	16311
    77   000000                     _T0CON1	set	16313
    78   000000                     _DMA1DPTR	set	15340
    79   000000                     _PMD0	set	14784
    80   000000                     _OSCCON1	set	14809
    81   000000                     _PIR3bits	set	14755
    82   000000                     _PRLOCK	set	14831
    83   000000                     _DMA1PR	set	14835
    84   000000                     _ANSELA	set	14912
    85   000000                     _ANSELB	set	14928
    86   000000                     _ANSELC	set	14944
    87   000000                     _TRISA	set	16322
    88   000000                     _LATC	set	16316
    89   000000                     _LATB	set	16315
    90   000000                     _LATA	set	16314
    91   000000                     _OSCCON3	set	14811
    92   000000                     _PMD7	set	14791
    93   000000                     _PMD6	set	14790
    94   000000                     _PMD5	set	14789
    95   000000                     _PMD4	set	14788
    96   000000                     _PMD3	set	14787
    97   000000                     _PMD2	set	14786
    98   000000                     _PMD1	set	14785
    99   000000                     _TRISC	set	16324
   100   000000                     _TRISB	set	16323
   101   000000                     _PORTC	set	16332
   102   000000                     _INLVLC	set	14948
   103   000000                     _SLRCONC	set	14947
   104   000000                     _ODCONC	set	14946
   105   000000                     _WPUC	set	14945
   106   000000                     _WPUE	set	14977
   107   000000                     _INLVLB	set	14932
   108   000000                     _SLRCONB	set	14931
   109   000000                     _ODCONB	set	14930
   110   000000                     _WPUB	set	14929
   111   000000                     _INLVLA	set	14916
   112   000000                     _SLRCONA	set	14915
   113   000000                     _ODCONA	set	14914
   114   000000                     _WPUA	set	14913
   115   000000                     _INLVLE	set	14980
   116                           
   117                           ; #config settings
   118                           
   119                           	psect	cinit
   120   00FEC2                     __pcinit:
   121                           	callstack 0
   122   00FEC2                     start_initialization:
   123                           	callstack 0
   124   00FEC2                     __initialization:
   125                           	callstack 0
   126                           
   127                           ; Clear objects allocated to COMRAM (9 bytes)
   128   00FEC2  EE00  F001         	lfsr	0,__pbssCOMRAM
   129   00FEC6  0E09               	movlw	9
   130   00FEC8                     clear_0:
   131   00FEC8  6AEE               	clrf	postinc0,c
   132   00FECA  06E8               	decf	wreg,f,c
   133   00FECC  E1FD               	bnz	clear_0
   134   00FECE                     end_of_initialization:
   135                           	callstack 0
   136   00FECE                     __end_of__initialization:
   137                           	callstack 0
   138   00FECE  0100               	movlb	0
   139   00FED0  EF75  F07F         	goto	_main	;jump to C main() function
   140                           
   141                           	psect	bssCOMRAM
   142   000001                     __pbssCOMRAM:
   143                           	callstack 0
   144   000001                     _SrcVarName0:
   145                           	callstack 0
   146   000001                     	ds	8
   147   000009                     _DstVarName0:
   148                           	callstack 0
   149   000009                     	ds	1
   150                           
   151                           	psect	cstackCOMRAM
   152   000000                     __pcstackCOMRAM:
   153                           	callstack 0
   154   000000                     
   155                           ; 1 bytes @ 0x0
   156 ;;
   157 ;;Main: autosize = 0, tempsize = 0, incstack = 0, save=0
   158 ;;
   159 ;; *************** function _main *****************
   160 ;; Defined at:
   161 ;;		line 49 in file "main.c"
   162 ;; Parameters:    Size  Location     Type
   163 ;;		None
   164 ;; Auto vars:     Size  Location     Type
   165 ;;		None
   166 ;; Return value:  Size  Location     Type
   167 ;;                  1    wreg      void 
   168 ;; Registers used:
   169 ;;		wreg, status,2, cstack
   170 ;; Tracked objects:
   171 ;;		On entry : 0/0
   172 ;;		On exit  : 0/0
   173 ;;		Unchanged: 0/0
   174 ;; Data sizes:     COMRAM   BANK0   BANK1   BANK2   BANK3   BANK4   BANK5   BANK6   BANK7   BANK8   BANK9  BANK10  BANK1
      +1  BANK12  BANK13  BANK14  BANK15
   175 ;;      Params:         0       0       0       0       0       0       0       0       0       0       0       0       
      +0       0       0       0       0
   176 ;;      Locals:         0       0       0       0       0       0       0       0       0       0       0       0       
      +0       0       0       0       0
   177 ;;      Temps:          0       0       0       0       0       0       0       0       0       0       0       0       
      +0       0       0       0       0
   178 ;;      Totals:         0       0       0       0       0       0       0       0       0       0       0       0       
      +0       0       0       0       0
   179 ;;Total ram usage:        0 bytes
   180 ;; Hardware stack levels required when called: 2
   181 ;; This function calls:
   182 ;;		_SYSTEM_Initialize
   183 ;; This function is called by:
   184 ;;		Startup code after reset
   185 ;; This function uses a non-reentrant model
   186 ;;
   187                           
   188                           	psect	text0
   189   00FEEA                     __ptext0:
   190                           	callstack 0
   191   00FEEA                     _main:
   192                           	callstack 29
   193   00FEEA                     
   194                           ;main.c: 52:     SYSTEM_Initialize();
   195   00FEEA  EC80  F07F         	call	_SYSTEM_Initialize	;wreg free
   196   00FEEE                     
   197                           ;main.c: 64:     DMA1DSA= (volatile unsigned short)&PORTC;
   198   00FEEE  0E3F               	movlw	63
   199   00FEF0  013B               	movlb	59	; () banked
   200   00FEF2  6FF1               	movwf	241,b	;volatile
   201   00FEF4  0ECC               	movlw	204
   202   00FEF6  6FF0               	movwf	240,b	;volatile
   203   00FEF8                     l243:
   204   00FEF8  EF7C  F07F         	goto	l243
   205   00FEFC  EFFE  F07F         	goto	start
   206   00FF00                     __end_of_main:
   207                           	callstack 0
   208                           
   209 ;; *************** function _SYSTEM_Initialize *****************
   210 ;; Defined at:
   211 ;;		line 50 in file "mcc_generated_files/mcc.c"
   212 ;; Parameters:    Size  Location     Type
   213 ;;		None
   214 ;; Auto vars:     Size  Location     Type
   215 ;;		None
   216 ;; Return value:  Size  Location     Type
   217 ;;                  1    wreg      void 
   218 ;; Registers used:
   219 ;;		wreg, status,2, cstack
   220 ;; Tracked objects:
   221 ;;		On entry : 0/0
   222 ;;		On exit  : 0/0
   223 ;;		Unchanged: 0/0
   224 ;; Data sizes:     COMRAM   BANK0   BANK1   BANK2   BANK3   BANK4   BANK5   BANK6   BANK7   BANK8   BANK9  BANK10  BANK1
      +1  BANK12  BANK13  BANK14  BANK15
   225 ;;      Params:         0       0       0       0       0       0       0       0       0       0       0       0       
      +0       0       0       0       0
   226 ;;      Locals:         0       0       0       0       0       0       0       0       0       0       0       0       
      +0       0       0       0       0
   227 ;;      Temps:          0       0       0       0       0       0       0       0       0       0       0       0       
      +0       0       0       0       0
   228 ;;      Totals:         0       0       0       0       0       0       0       0       0       0       0       0       
      +0       0       0       0       0
   229 ;;Total ram usage:        0 bytes
   230 ;; Hardware stack levels used: 1
   231 ;; Hardware stack levels required when called: 1
   232 ;; This function calls:
   233 ;;		_DMA1_Initialize
   234 ;;		_OSCILLATOR_Initialize
   235 ;;		_PIN_MANAGER_Initialize
   236 ;;		_PMD_Initialize
   237 ;;		_SystemArbiter_Initialize
   238 ;;		_TMR0_Initialize
   239 ;; This function is called by:
   240 ;;		_main
   241 ;; This function uses a non-reentrant model
   242 ;;
   243                           
   244                           	psect	text1
   245   00FF00                     __ptext1:
   246                           	callstack 0
   247   00FF00                     _SYSTEM_Initialize:
   248                           	callstack 29
   249   00FF00                     
   250                           ;mcc_generated_files/mcc.c: 52:     PMD_Initialize();
   251   00FF00  EC8D  F07F         	call	_PMD_Initialize	;wreg free
   252                           
   253                           ;mcc_generated_files/mcc.c: 53:     PIN_MANAGER_Initialize();
   254   00FF04  ECD8  F07F         	call	_PIN_MANAGER_Initialize	;wreg free
   255                           
   256                           ;mcc_generated_files/mcc.c: 54:     OSCILLATOR_Initialize();
   257   00FF08  EC9F  F07F         	call	_OSCILLATOR_Initialize	;wreg free
   258                           
   259                           ;mcc_generated_files/mcc.c: 55:     DMA1_Initialize();
   260   00FF0C  ECB2  F07F         	call	_DMA1_Initialize	;wreg free
   261                           
   262                           ;mcc_generated_files/mcc.c: 56:     TMR0_Initialize();
   263   00FF10  EC6A  F07F         	call	_TMR0_Initialize	;wreg free
   264                           
   265                           ;mcc_generated_files/mcc.c: 57:     SystemArbiter_Initialize();
   266   00FF14  EC5A  F07F         	call	_SystemArbiter_Initialize	;wreg free
   267   00FF18  0012               	return		;funcret
   268   00FF1A                     __end_of_SYSTEM_Initialize:
   269                           	callstack 0
   270                           
   271 ;; *************** function _TMR0_Initialize *****************
   272 ;; Defined at:
   273 ;;		line 60 in file "mcc_generated_files/tmr0.c"
   274 ;; Parameters:    Size  Location     Type
   275 ;;		None
   276 ;; Auto vars:     Size  Location     Type
   277 ;;		None
   278 ;; Return value:  Size  Location     Type
   279 ;;                  1    wreg      void 
   280 ;; Registers used:
   281 ;;		wreg, status,2
   282 ;; Tracked objects:
   283 ;;		On entry : 0/0
   284 ;;		On exit  : 0/0
   285 ;;		Unchanged: 0/0
   286 ;; Data sizes:     COMRAM   BANK0   BANK1   BANK2   BANK3   BANK4   BANK5   BANK6   BANK7   BANK8   BANK9  BANK10  BANK1
      +1  BANK12  BANK13  BANK14  BANK15
   287 ;;      Params:         0       0       0       0       0       0       0       0       0       0       0       0       
      +0       0       0       0       0
   288 ;;      Locals:         0       0       0       0       0       0       0       0       0       0       0       0       
      +0       0       0       0       0
   289 ;;      Temps:          0       0       0       0       0       0       0       0       0       0       0       0       
      +0       0       0       0       0
   290 ;;      Totals:         0       0       0       0       0       0       0       0       0       0       0       0       
      +0       0       0       0       0
   291 ;;Total ram usage:        0 bytes
   292 ;; Hardware stack levels used: 1
   293 ;; This function calls:
   294 ;;		Nothing
   295 ;; This function is called by:
   296 ;;		_SYSTEM_Initialize
   297 ;; This function uses a non-reentrant model
   298 ;;
   299                           
   300                           	psect	text2
   301   00FED4                     __ptext2:
   302                           	callstack 0
   303   00FED4                     _TMR0_Initialize:
   304                           	callstack 29
   305   00FED4                     
   306                           ;mcc_generated_files/tmr0.c: 65:     T0CON1 = 0x4F;
   307   00FED4  0E4F               	movlw	79
   308   00FED6  6EB9               	movwf	185,c	;volatile
   309                           
   310                           ;mcc_generated_files/tmr0.c: 68:     TMR0H = 0x04;
   311   00FED8  0E04               	movlw	4
   312   00FEDA  6EB7               	movwf	183,c	;volatile
   313                           
   314                           ;mcc_generated_files/tmr0.c: 71:     TMR0L = 0x00;
   315   00FEDC  0E00               	movlw	0
   316   00FEDE  6EB6               	movwf	182,c	;volatile
   317   00FEE0                     
   318                           ;mcc_generated_files/tmr0.c: 74:     PIR3bits.TMR0IF = 0;
   319   00FEE0  0139               	movlb	57	; () banked
   320   00FEE2  9FA3               	bcf	163,7,b	;volatile
   321                           
   322                           ;mcc_generated_files/tmr0.c: 77:     T0CON0 = 0x80;
   323   00FEE4  0E80               	movlw	128
   324   00FEE6  6EB8               	movwf	184,c	;volatile
   325   00FEE8                     
   326                           ; BSR set to: 57
   327   00FEE8  0012               	return		;funcret
   328   00FEEA                     __end_of_TMR0_Initialize:
   329                           	callstack 0
   330                           
   331 ;; *************** function _SystemArbiter_Initialize *****************
   332 ;; Defined at:
   333 ;;		line 99 in file "mcc_generated_files/mcc.c"
   334 ;; Parameters:    Size  Location     Type
   335 ;;		None
   336 ;; Auto vars:     Size  Location     Type
   337 ;;		None
   338 ;; Return value:  Size  Location     Type
   339 ;;                  1    wreg      void 
   340 ;; Registers used:
   341 ;;		wreg, status,2
   342 ;; Tracked objects:
   343 ;;		On entry : 0/0
   344 ;;		On exit  : 0/0
   345 ;;		Unchanged: 0/0
   346 ;; Data sizes:     COMRAM   BANK0   BANK1   BANK2   BANK3   BANK4   BANK5   BANK6   BANK7   BANK8   BANK9  BANK10  BANK1
      +1  BANK12  BANK13  BANK14  BANK15
   347 ;;      Params:         0       0       0       0       0       0       0       0       0       0       0       0       
      +0       0       0       0       0
   348 ;;      Locals:         0       0       0       0       0       0       0       0       0       0       0       0       
      +0       0       0       0       0
   349 ;;      Temps:          0       0       0       0       0       0       0       0       0       0       0       0       
      +0       0       0       0       0
   350 ;;      Totals:         0       0       0       0       0       0       0       0       0       0       0       0       
      +0       0       0       0       0
   351 ;;Total ram usage:        0 bytes
   352 ;; Hardware stack levels used: 1
   353 ;; This function calls:
   354 ;;		Nothing
   355 ;; This function is called by:
   356 ;;		_SYSTEM_Initialize
   357 ;; This function uses a non-reentrant model
   358 ;;
   359                           
   360                           	psect	text3
   361   00FEB4                     __ptext3:
   362                           	callstack 0
   363   00FEB4                     _SystemArbiter_Initialize:
   364                           	callstack 29
   365   00FEB4                     
   366                           ;mcc_generated_files/mcc.c: 102:     PRLOCK = 0x55;
   367   00FEB4  0E55               	movlw	85
   368   00FEB6  0139               	movlb	57	; () banked
   369   00FEB8  6FEF               	movwf	239,b	;volatile
   370                           
   371                           ;mcc_generated_files/mcc.c: 103:     PRLOCK = 0xAA;
   372   00FEBA  0EAA               	movlw	170
   373   00FEBC  6FEF               	movwf	239,b	;volatile
   374   00FEBE                     
   375                           ; BSR set to: 57
   376                           ;mcc_generated_files/mcc.c: 104:     PRLOCKbits.PRLOCKED = 1;
   377   00FEBE  81EF               	bsf	239,0,b	;volatile
   378   00FEC0                     
   379                           ; BSR set to: 57
   380   00FEC0  0012               	return		;funcret
   381   00FEC2                     __end_of_SystemArbiter_Initialize:
   382                           	callstack 0
   383                           
   384 ;; *************** function _PMD_Initialize *****************
   385 ;; Defined at:
   386 ;;		line 78 in file "mcc_generated_files/mcc.c"
   387 ;; Parameters:    Size  Location     Type
   388 ;;		None
   389 ;; Auto vars:     Size  Location     Type
   390 ;;		None
   391 ;; Return value:  Size  Location     Type
   392 ;;                  1    wreg      void 
   393 ;; Registers used:
   394 ;;		wreg, status,2
   395 ;; Tracked objects:
   396 ;;		On entry : 0/0
   397 ;;		On exit  : 0/0
   398 ;;		Unchanged: 0/0
   399 ;; Data sizes:     COMRAM   BANK0   BANK1   BANK2   BANK3   BANK4   BANK5   BANK6   BANK7   BANK8   BANK9  BANK10  BANK1
      +1  BANK12  BANK13  BANK14  BANK15
   400 ;;      Params:         0       0       0       0       0       0       0       0       0       0       0       0       
      +0       0       0       0       0
   401 ;;      Locals:         0       0       0       0       0       0       0       0       0       0       0       0       
      +0       0       0       0       0
   402 ;;      Temps:          0       0       0       0       0       0       0       0       0       0       0       0       
      +0       0       0       0       0
   403 ;;      Totals:         0       0       0       0       0       0       0       0       0       0       0       0       
      +0       0       0       0       0
   404 ;;Total ram usage:        0 bytes
   405 ;; Hardware stack levels used: 1
   406 ;; This function calls:
   407 ;;		Nothing
   408 ;; This function is called by:
   409 ;;		_SYSTEM_Initialize
   410 ;; This function uses a non-reentrant model
   411 ;;
   412                           
   413                           	psect	text4
   414   00FF1A                     __ptext4:
   415                           	callstack 0
   416   00FF1A                     _PMD_Initialize:
   417                           	callstack 29
   418   00FF1A                     
   419                           ;mcc_generated_files/mcc.c: 81:     PMD0 = 0x00;
   420   00FF1A  0E00               	movlw	0
   421   00FF1C  0139               	movlb	57	; () banked
   422   00FF1E  6FC0               	movwf	192,b	;volatile
   423                           
   424                           ;mcc_generated_files/mcc.c: 83:     PMD1 = 0x00;
   425   00FF20  0E00               	movlw	0
   426   00FF22  6FC1               	movwf	193,b	;volatile
   427                           
   428                           ;mcc_generated_files/mcc.c: 85:     PMD2 = 0x00;
   429   00FF24  0E00               	movlw	0
   430   00FF26  6FC2               	movwf	194,b	;volatile
   431                           
   432                           ;mcc_generated_files/mcc.c: 87:     PMD3 = 0x00;
   433   00FF28  0E00               	movlw	0
   434   00FF2A  6FC3               	movwf	195,b	;volatile
   435                           
   436                           ;mcc_generated_files/mcc.c: 89:     PMD4 = 0x00;
   437   00FF2C  0E00               	movlw	0
   438   00FF2E  6FC4               	movwf	196,b	;volatile
   439                           
   440                           ;mcc_generated_files/mcc.c: 91:     PMD5 = 0x00;
   441   00FF30  0E00               	movlw	0
   442   00FF32  6FC5               	movwf	197,b	;volatile
   443                           
   444                           ;mcc_generated_files/mcc.c: 93:     PMD6 = 0x00;
   445   00FF34  0E00               	movlw	0
   446   00FF36  6FC6               	movwf	198,b	;volatile
   447                           
   448                           ;mcc_generated_files/mcc.c: 95:     PMD7 = 0x00;
   449   00FF38  0E00               	movlw	0
   450   00FF3A  6FC7               	movwf	199,b	;volatile
   451   00FF3C                     
   452                           ; BSR set to: 57
   453   00FF3C  0012               	return		;funcret
   454   00FF3E                     __end_of_PMD_Initialize:
   455                           	callstack 0
   456                           
   457 ;; *************** function _PIN_MANAGER_Initialize *****************
   458 ;; Defined at:
   459 ;;		line 55 in file "mcc_generated_files/pin_manager.c"
   460 ;; Parameters:    Size  Location     Type
   461 ;;		None
   462 ;; Auto vars:     Size  Location     Type
   463 ;;		None
   464 ;; Return value:  Size  Location     Type
   465 ;;                  1    wreg      void 
   466 ;; Registers used:
   467 ;;		wreg, status,2
   468 ;; Tracked objects:
   469 ;;		On entry : 0/0
   470 ;;		On exit  : 0/0
   471 ;;		Unchanged: 0/0
   472 ;; Data sizes:     COMRAM   BANK0   BANK1   BANK2   BANK3   BANK4   BANK5   BANK6   BANK7   BANK8   BANK9  BANK10  BANK1
      +1  BANK12  BANK13  BANK14  BANK15
   473 ;;      Params:         0       0       0       0       0       0       0       0       0       0       0       0       
      +0       0       0       0       0
   474 ;;      Locals:         0       0       0       0       0       0       0       0       0       0       0       0       
      +0       0       0       0       0
   475 ;;      Temps:          0       0       0       0       0       0       0       0       0       0       0       0       
      +0       0       0       0       0
   476 ;;      Totals:         0       0       0       0       0       0       0       0       0       0       0       0       
      +0       0       0       0       0
   477 ;;Total ram usage:        0 bytes
   478 ;; Hardware stack levels used: 1
   479 ;; This function calls:
   480 ;;		Nothing
   481 ;; This function is called by:
   482 ;;		_SYSTEM_Initialize
   483 ;; This function uses a non-reentrant model
   484 ;;
   485                           
   486                           	psect	text5
   487   00FFB0                     __ptext5:
   488                           	callstack 0
   489   00FFB0                     _PIN_MANAGER_Initialize:
   490                           	callstack 29
   491   00FFB0                     
   492                           ;mcc_generated_files/pin_manager.c: 60:     LATA = 0x00;
   493   00FFB0  0E00               	movlw	0
   494   00FFB2  6EBA               	movwf	186,c	;volatile
   495                           
   496                           ;mcc_generated_files/pin_manager.c: 61:     LATB = 0x00;
   497   00FFB4  0E00               	movlw	0
   498   00FFB6  6EBB               	movwf	187,c	;volatile
   499                           
   500                           ;mcc_generated_files/pin_manager.c: 62:     LATC = 0x00;
   501   00FFB8  0E00               	movlw	0
   502   00FFBA  6EBC               	movwf	188,c	;volatile
   503   00FFBC                     
   504                           ;mcc_generated_files/pin_manager.c: 67:     TRISA = 0xFF;
   505   00FFBC  68C2               	setf	194,c	;volatile
   506   00FFBE                     
   507                           ;mcc_generated_files/pin_manager.c: 68:     TRISB = 0xFF;
   508   00FFBE  68C3               	setf	195,c	;volatile
   509                           
   510                           ;mcc_generated_files/pin_manager.c: 69:     TRISC = 0xF0;
   511   00FFC0  0EF0               	movlw	240
   512   00FFC2  6EC4               	movwf	196,c	;volatile
   513                           
   514                           ;mcc_generated_files/pin_manager.c: 74:     ANSELC = 0xF0;
   515   00FFC4  0EF0               	movlw	240
   516   00FFC6  013A               	movlb	58	; () banked
   517   00FFC8  6F60               	movwf	96,b	;volatile
   518   00FFCA                     
   519                           ; BSR set to: 58
   520                           ;mcc_generated_files/pin_manager.c: 75:     ANSELB = 0xFF;
   521   00FFCA  6950               	setf	80,b	;volatile
   522   00FFCC                     
   523                           ; BSR set to: 58
   524                           ;mcc_generated_files/pin_manager.c: 76:     ANSELA = 0xFF;
   525   00FFCC  6940               	setf	64,b	;volatile
   526                           
   527                           ;mcc_generated_files/pin_manager.c: 81:     WPUE = 0x00;
   528   00FFCE  0E00               	movlw	0
   529   00FFD0  6F81               	movwf	129,b	;volatile
   530                           
   531                           ;mcc_generated_files/pin_manager.c: 82:     WPUB = 0x00;
   532   00FFD2  0E00               	movlw	0
   533   00FFD4  6F51               	movwf	81,b	;volatile
   534                           
   535                           ;mcc_generated_files/pin_manager.c: 83:     WPUA = 0x00;
   536   00FFD6  0E00               	movlw	0
   537   00FFD8  6F41               	movwf	65,b	;volatile
   538                           
   539                           ;mcc_generated_files/pin_manager.c: 84:     WPUC = 0x00;
   540   00FFDA  0E00               	movlw	0
   541   00FFDC  6F61               	movwf	97,b	;volatile
   542                           
   543                           ;mcc_generated_files/pin_manager.c: 89:     ODCONA = 0x00;
   544   00FFDE  0E00               	movlw	0
   545   00FFE0  6F42               	movwf	66,b	;volatile
   546                           
   547                           ;mcc_generated_files/pin_manager.c: 90:     ODCONB = 0x00;
   548   00FFE2  0E00               	movlw	0
   549   00FFE4  6F52               	movwf	82,b	;volatile
   550                           
   551                           ;mcc_generated_files/pin_manager.c: 91:     ODCONC = 0x00;
   552   00FFE6  0E00               	movlw	0
   553   00FFE8  6F62               	movwf	98,b	;volatile
   554   00FFEA                     
   555                           ; BSR set to: 58
   556                           ;mcc_generated_files/pin_manager.c: 96:     SLRCONA = 0xFF;
   557   00FFEA  6943               	setf	67,b	;volatile
   558   00FFEC                     
   559                           ; BSR set to: 58
   560                           ;mcc_generated_files/pin_manager.c: 97:     SLRCONB = 0xFF;
   561   00FFEC  6953               	setf	83,b	;volatile
   562   00FFEE                     
   563                           ; BSR set to: 58
   564                           ;mcc_generated_files/pin_manager.c: 98:     SLRCONC = 0xFF;
   565   00FFEE  6963               	setf	99,b	;volatile
   566   00FFF0                     
   567                           ; BSR set to: 58
   568                           ;mcc_generated_files/pin_manager.c: 103:     INLVLA = 0xFF;
   569   00FFF0  6944               	setf	68,b	;volatile
   570   00FFF2                     
   571                           ; BSR set to: 58
   572                           ;mcc_generated_files/pin_manager.c: 104:     INLVLB = 0xFF;
   573   00FFF2  6954               	setf	84,b	;volatile
   574   00FFF4                     
   575                           ; BSR set to: 58
   576                           ;mcc_generated_files/pin_manager.c: 105:     INLVLC = 0xFF;
   577   00FFF4  6964               	setf	100,b	;volatile
   578                           
   579                           ;mcc_generated_files/pin_manager.c: 106:     INLVLE = 0x08;
   580   00FFF6  0E08               	movlw	8
   581   00FFF8  6F84               	movwf	132,b	;volatile
   582   00FFFA                     
   583                           ; BSR set to: 58
   584   00FFFA  0012               	return		;funcret
   585   00FFFC                     __end_of_PIN_MANAGER_Initialize:
   586                           	callstack 0
   587                           
   588 ;; *************** function _OSCILLATOR_Initialize *****************
   589 ;; Defined at:
   590 ;;		line 60 in file "mcc_generated_files/mcc.c"
   591 ;; Parameters:    Size  Location     Type
   592 ;;		None
   593 ;; Auto vars:     Size  Location     Type
   594 ;;		None
   595 ;; Return value:  Size  Location     Type
   596 ;;                  1    wreg      void 
   597 ;; Registers used:
   598 ;;		wreg, status,2
   599 ;; Tracked objects:
   600 ;;		On entry : 0/0
   601 ;;		On exit  : 0/0
   602 ;;		Unchanged: 0/0
   603 ;; Data sizes:     COMRAM   BANK0   BANK1   BANK2   BANK3   BANK4   BANK5   BANK6   BANK7   BANK8   BANK9  BANK10  BANK1
      +1  BANK12  BANK13  BANK14  BANK15
   604 ;;      Params:         0       0       0       0       0       0       0       0       0       0       0       0       
      +0       0       0       0       0
   605 ;;      Locals:         0       0       0       0       0       0       0       0       0       0       0       0       
      +0       0       0       0       0
   606 ;;      Temps:          0       0       0       0       0       0       0       0       0       0       0       0       
      +0       0       0       0       0
   607 ;;      Totals:         0       0       0       0       0       0       0       0       0       0       0       0       
      +0       0       0       0       0
   608 ;;Total ram usage:        0 bytes
   609 ;; Hardware stack levels used: 1
   610 ;; This function calls:
   611 ;;		Nothing
   612 ;; This function is called by:
   613 ;;		_SYSTEM_Initialize
   614 ;; This function uses a non-reentrant model
   615 ;;
   616                           
   617                           	psect	text6
   618   00FF3E                     __ptext6:
   619                           	callstack 0
   620   00FF3E                     _OSCILLATOR_Initialize:
   621                           	callstack 29
   622   00FF3E                     
   623                           ;mcc_generated_files/mcc.c: 63:     OSCCON1 = 0x20;
   624   00FF3E  0E20               	movlw	32
   625   00FF40  0139               	movlb	57	; () banked
   626   00FF42  6FD9               	movwf	217,b	;volatile
   627                           
   628                           ;mcc_generated_files/mcc.c: 65:     OSCCON3 = 0x00;
   629   00FF44  0E00               	movlw	0
   630   00FF46  6FDB               	movwf	219,b	;volatile
   631                           
   632                           ;mcc_generated_files/mcc.c: 67:     OSCEN = 0x00;
   633   00FF48  0E00               	movlw	0
   634   00FF4A  6FDD               	movwf	221,b	;volatile
   635                           
   636                           ;mcc_generated_files/mcc.c: 69:     OSCFRQ = 0x02;
   637   00FF4C  0E02               	movlw	2
   638   00FF4E  6FDF               	movwf	223,b	;volatile
   639                           
   640                           ;mcc_generated_files/mcc.c: 71:     OSCTUNE = 0x00;
   641   00FF50  0E00               	movlw	0
   642   00FF52  6FDE               	movwf	222,b	;volatile
   643   00FF54                     l167:
   644                           
   645                           ; BSR set to: 57
   646                           ;mcc_generated_files/mcc.c: 73:     while(PLLR == 0)
   647   00FF54  A1DC               	btfss	220,0,b	;volatile
   648   00FF56  EFAF  F07F         	goto	u11
   649   00FF5A  EFB1  F07F         	goto	u10
   650   00FF5E                     u11:
   651   00FF5E  EFAA  F07F         	goto	l167
   652   00FF62                     u10:
   653   00FF62                     
   654                           ; BSR set to: 57
   655   00FF62  0012               	return		;funcret
   656   00FF64                     __end_of_OSCILLATOR_Initialize:
   657                           	callstack 0
   658                           
   659 ;; *************** function _DMA1_Initialize *****************
   660 ;; Defined at:
   661 ;;		line 59 in file "mcc_generated_files/dma1.c"
   662 ;; Parameters:    Size  Location     Type
   663 ;;		None
   664 ;; Auto vars:     Size  Location     Type
   665 ;;		None
   666 ;; Return value:  Size  Location     Type
   667 ;;                  1    wreg      void 
   668 ;; Registers used:
   669 ;;		wreg, status,2
   670 ;; Tracked objects:
   671 ;;		On entry : 0/0
   672 ;;		On exit  : 0/0
   673 ;;		Unchanged: 0/0
   674 ;; Data sizes:     COMRAM   BANK0   BANK1   BANK2   BANK3   BANK4   BANK5   BANK6   BANK7   BANK8   BANK9  BANK10  BANK1
      +1  BANK12  BANK13  BANK14  BANK15
   675 ;;      Params:         0       0       0       0       0       0       0       0       0       0       0       0       
      +0       0       0       0       0
   676 ;;      Locals:         0       0       0       0       0       0       0       0       0       0       0       0       
      +0       0       0       0       0
   677 ;;      Temps:          0       0       0       0       0       0       0       0       0       0       0       0       
      +0       0       0       0       0
   678 ;;      Totals:         0       0       0       0       0       0       0       0       0       0       0       0       
      +0       0       0       0       0
   679 ;;Total ram usage:        0 bytes
   680 ;; Hardware stack levels used: 1
   681 ;; This function calls:
   682 ;;		Nothing
   683 ;; This function is called by:
   684 ;;		_SYSTEM_Initialize
   685 ;; This function uses a non-reentrant model
   686 ;;
   687                           
   688                           	psect	text7
   689   00FF64                     __ptext7:
   690                           	callstack 0
   691   00FF64                     _DMA1_Initialize:
   692                           	callstack 29
   693   00FF64                     
   694                           ;mcc_generated_files/dma1.c: 62:     DMA1SSA = &SrcVarName0;
   695   00FF64  0E01               	movlw	low _SrcVarName0
   696   00FF66  013B               	movlb	59	; () banked
   697   00FF68  6FF9               	movwf	249,b	;volatile
   698   00FF6A  0E00               	movlw	high _SrcVarName0
   699   00FF6C  6FFA               	movwf	250,b	;volatile
   700   00FF6E  0E00               	movlw	low (_SrcVarName0 shr (0+16))
   701   00FF70  6FFB               	movwf	251,b	;volatile
   702                           
   703                           ;mcc_generated_files/dma1.c: 64:     DMA1DSA= &DstVarName0;
   704   00FF72  0E00               	movlw	high _DstVarName0
   705   00FF74  6FF1               	movwf	241,b	;volatile
   706   00FF76  0E09               	movlw	low _DstVarName0
   707   00FF78  6FF0               	movwf	240,b	;volatile
   708                           
   709                           ;mcc_generated_files/dma1.c: 66:     DMA1CON1 = 0x02;
   710   00FF7A  0E02               	movlw	2
   711   00FF7C  6FFD               	movwf	253,b	;volatile
   712                           
   713                           ;mcc_generated_files/dma1.c: 68:     DMA1SSZ = 8;
   714   00FF7E  0E00               	movlw	0
   715   00FF80  6FF8               	movwf	248,b	;volatile
   716   00FF82  0E08               	movlw	8
   717   00FF84  6FF7               	movwf	247,b	;volatile
   718                           
   719                           ;mcc_generated_files/dma1.c: 70:     DMA1DSZ = 2;
   720   00FF86  0E00               	movlw	0
   721   00FF88  6FEF               	movwf	239,b	;volatile
   722   00FF8A  0E02               	movlw	2
   723   00FF8C  6FEE               	movwf	238,b	;volatile
   724                           
   725                           ;mcc_generated_files/dma1.c: 72:     DMA1SIRQ = 0x1F;
   726   00FF8E  0E1F               	movlw	31
   727   00FF90  6FFF               	movwf	255,b	;volatile
   728                           
   729                           ;mcc_generated_files/dma1.c: 74:     DMA1AIRQ = 0x00;
   730   00FF92  0E00               	movlw	0
   731   00FF94  6FFE               	movwf	254,b	;volatile
   732   00FF96                     
   733                           ; BSR set to: 59
   734                           ;mcc_generated_files/dma1.c: 77:     PIR2bits.DMA1DCNTIF = 0;
   735   00FF96  0139               	movlb	57	; () banked
   736   00FF98  93A2               	bcf	162,1,b	;volatile
   737   00FF9A                     
   738                           ; BSR set to: 57
   739                           ;mcc_generated_files/dma1.c: 79:     PIR2bits.DMA1SCNTIF = 0;
   740   00FF9A  91A2               	bcf	162,0,b	;volatile
   741   00FF9C                     
   742                           ; BSR set to: 57
   743                           ;mcc_generated_files/dma1.c: 81:     PIR2bits.DMA1AIF = 0;
   744   00FF9C  97A2               	bcf	162,3,b	;volatile
   745   00FF9E                     
   746                           ; BSR set to: 57
   747                           ;mcc_generated_files/dma1.c: 83:     PIR2bits.DMA1ORIF =0;
   748   00FF9E  95A2               	bcf	162,2,b	;volatile
   749   00FFA0                     
   750                           ; BSR set to: 57
   751                           ;mcc_generated_files/dma1.c: 85:     PIE2bits.DMA1DCNTIE = 0;
   752   00FFA0  9392               	bcf	146,1,b	;volatile
   753   00FFA2                     
   754                           ; BSR set to: 57
   755                           ;mcc_generated_files/dma1.c: 86:     PIE2bits.DMA1SCNTIE = 0;
   756   00FFA2  9192               	bcf	146,0,b	;volatile
   757   00FFA4                     
   758                           ; BSR set to: 57
   759                           ;mcc_generated_files/dma1.c: 87:     PIE2bits.DMA1AIE = 0;
   760   00FFA4  9792               	bcf	146,3,b	;volatile
   761   00FFA6                     
   762                           ; BSR set to: 57
   763                           ;mcc_generated_files/dma1.c: 88:     PIE2bits.DMA1ORIE = 0;
   764   00FFA6  9592               	bcf	146,2,b	;volatile
   765                           
   766                           ;mcc_generated_files/dma1.c: 91:     DMA1CON0 = 0xC0;
   767   00FFA8  0EC0               	movlw	192
   768   00FFAA  013B               	movlb	59	; () banked
   769   00FFAC  6FFC               	movwf	252,b	;volatile
   770   00FFAE                     
   771                           ; BSR set to: 59
   772   00FFAE  0012               	return		;funcret
   773   00FFB0                     __end_of_DMA1_Initialize:
   774                           	callstack 0
   775   000000                     
   776                           	psect	rparam
   777   000000                     
   778                           	psect	idloc
   779                           
   780                           ;Config register IDLOC0 @ 0x200000
   781                           ;	unspecified, using default values
   782   200000                     	org	2097152
   783   200000  0FFF               	dw	4095
   784                           
   785                           ;Config register IDLOC1 @ 0x200002
   786                           ;	unspecified, using default values
   787   200002                     	org	2097154
   788   200002  0FFF               	dw	4095
   789                           
   790                           ;Config register IDLOC2 @ 0x200004
   791                           ;	unspecified, using default values
   792   200004                     	org	2097156
   793   200004  0FFF               	dw	4095
   794                           
   795                           ;Config register IDLOC3 @ 0x200006
   796                           ;	unspecified, using default values
   797   200006                     	org	2097158
   798   200006  0FFF               	dw	4095
   799                           
   800                           ;Config register IDLOC4 @ 0x200008
   801                           ;	unspecified, using default values
   802   200008                     	org	2097160
   803   200008  0FFF               	dw	4095
   804                           
   805                           ;Config register IDLOC5 @ 0x20000A
   806                           ;	unspecified, using default values
   807   20000A                     	org	2097162
   808   20000A  0FFF               	dw	4095
   809                           
   810                           ;Config register IDLOC6 @ 0x20000C
   811                           ;	unspecified, using default values
   812   20000C                     	org	2097164
   813   20000C  0FFF               	dw	4095
   814                           
   815                           ;Config register IDLOC7 @ 0x20000E
   816                           ;	unspecified, using default values
   817   20000E                     	org	2097166
   818   20000E  0FFF               	dw	4095
   819                           
   820                           	psect	config
   821                           
   822                           ;Config register CONFIG1L @ 0x300000
   823                           ;	External Oscillator Selection
   824                           ;	FEXTOSC = HS, HS (crystal oscillator) above 8 MHz; PFM set to high power
   825                           ;	Reset Oscillator Selection
   826                           ;	RSTOSC = EXTOSC_4PLL, EXTOSC with 4x PLL, with EXTOSC operating per FEXTOSC bits
   827   300000                     	org	3145728
   828   300000  AA                 	db	170
   829                           
   830                           ;Config register CONFIG1H @ 0x300001
   831                           ;	Clock out Enable bit
   832                           ;	CLKOUTEN = OFF, CLKOUT function is disabled
   833                           ;	PRLOCKED One-Way Set Enable bit
   834                           ;	PR1WAY = ON, PRLOCK bit can be cleared and set only once
   835                           ;	Clock Switch Enable bit
   836                           ;	CSWEN = ON, Writing to NOSC and NDIV is allowed
   837                           ;	Fail-Safe Clock Monitor Enable bit
   838                           ;	FCMEN = ON, Fail-Safe Clock Monitor enabled
   839   300001                     	org	3145729
   840   300001  FF                 	db	255
   841                           
   842                           ;Config register CONFIG2L @ 0x300002
   843                           ;	MCLR Enable bit
   844                           ;	MCLRE = EXTMCLR, If LVP = 0, MCLR pin is MCLR; If LVP = 1, RE3 pin function is MCLR
   845                           ;	Power-up timer selection bits
   846                           ;	PWRTS = PWRT_OFF, PWRT is disabled
   847                           ;	Multi-vector enable bit
   848                           ;	MVECEN = OFF, Interrupt contoller does not use vector table to prioritze interrupts
   849                           ;	IVTLOCK bit One-way set enable bit
   850                           ;	IVT1WAY = ON, IVTLOCK bit can be cleared and set only once
   851                           ;	Low Power BOR Enable bit
   852                           ;	LPBOREN = OFF, ULPBOR disabled
   853                           ;	Brown-out Reset Enable bits
   854                           ;	BOREN = SBORDIS, Brown-out Reset enabled , SBOREN bit is ignored
   855   300002                     	org	3145730
   856   300002  F7                 	db	247
   857                           
   858                           ;Config register CONFIG2H @ 0x300003
   859                           ;	Brown-out Reset Voltage Selection bits
   860                           ;	BORV = VBOR_2P45, Brown-out Reset Voltage (VBOR) set to 2.45V
   861                           ;	ZCD Disable bit
   862                           ;	ZCD = OFF, ZCD disabled. ZCD can be enabled by setting the ZCDSEN bit of ZCDCON
   863                           ;	PPSLOCK bit One-Way Set Enable bit
   864                           ;	PPS1WAY = ON, PPSLOCK bit can be cleared and set only once; PPS registers remain locke
      +                          d after one clear/set cycle
   865                           ;	Stack Full/Underflow Reset Enable bit
   866                           ;	STVREN = ON, Stack full/underflow will cause Reset
   867                           ;	Debugger Enable bit
   868                           ;	DEBUG = OFF, Background debugger disabled
   869                           ;	Extended Instruction Set Enable bit
   870                           ;	XINST = OFF, Extended Instruction Set and Indexed Addressing Mode disabled
   871   300003                     	org	3145731
   872   300003  FF                 	db	255
   873                           
   874                           ;Config register CONFIG3L @ 0x300004
   875                           ;	WDT Period selection bits
   876                           ;	WDTCPS = WDTCPS_31, Divider ratio 1:65536; software control of WDTPS
   877                           ;	WDT operating mode
   878                           ;	WDTE = OFF, WDT Disabled; SWDTEN is ignored
   879   300004                     	org	3145732
   880   300004  9F                 	db	159
   881                           
   882                           ;Config register CONFIG3H @ 0x300005
   883                           ;	WDT Window Select bits
   884                           ;	WDTCWS = WDTCWS_7, window always open (100%); software control; keyed access not requi
      +                          red
   885                           ;	WDT input clock selector
   886                           ;	WDTCCS = SC, Software Control
   887   300005                     	org	3145733
   888   300005  FF                 	db	255
   889                           
   890                           ;Config register CONFIG4L @ 0x300006
   891                           ;	Boot Block Size selection bits
   892                           ;	BBSIZE = BBSIZE_512, Boot Block size is 512 words
   893                           ;	Boot Block enable bit
   894                           ;	BBEN = OFF, Boot block disabled
   895                           ;	Storage Area Flash enable bit
   896                           ;	SAFEN = OFF, SAF disabled
   897                           ;	Application Block write protection bit
   898                           ;	WRTAPP = OFF, Application Block not write protected
   899   300006                     	org	3145734
   900   300006  FF                 	db	255
   901                           
   902                           ;Config register CONFIG4H @ 0x300007
   903                           ;	Boot Block Write Protection bit
   904                           ;	WRTB = OFF, Boot Block not write-protected
   905                           ;	Configuration Register Write Protection bit
   906                           ;	WRTC = OFF, Configuration registers (300000-30000Bh) not write-protected
   907                           ;	Data EEPROM Write Protection bit
   908                           ;	WRTD = OFF, Data EEPROM not write-protected
   909                           ;	SAF Write protection bit
   910                           ;	WRTSAF = OFF, SAF not Write Protected
   911                           ;	Low Voltage Programming Enable bit
   912                           ;	LVP = ON, Low voltage programming enabled. MCLR/VPP pin function is MCLR. MCLRE config
      +                          uration bit is ignored
   913   300007                     	org	3145735
   914   300007  FF                 	db	255
   915                           
   916                           ;Config register CONFIG5L @ 0x300008
   917                           ;	PFM and Data EEPROM Code Protection bit
   918                           ;	CP = OFF, PFM and Data EEPROM code protection disabled
   919   300008                     	org	3145736
   920   300008  FF                 	db	255
   921                           
   922                           ;Config register CONFIG5H @ 0x300009
   923                           ;	unspecified, using default values
   924   300009                     	org	3145737
   925   300009  FF                 	db	255
   926                           tosu	equ	0x3FFF
   927                           tosh	equ	0x3FFE
   928                           tosl	equ	0x3FFD
   929                           stkptr	equ	0x3FFC
   930                           pclatu	equ	0x3FFB
   931                           pclath	equ	0x3FFA
   932                           pcl	equ	0x3FF9
   933                           tblptru	equ	0x3FF8
   934                           tblptrh	equ	0x3FF7
   935                           tblptrl	equ	0x3FF6
   936                           tablat	equ	0x3FF5
   937                           prodh	equ	0x3FF4
   938                           prodl	equ	0x3FF3
   939                           indf0	equ	0x3FEF
   940                           postinc0	equ	0x3FEE
   941                           postdec0	equ	0x3FED
   942                           preinc0	equ	0x3FEC
   943                           plusw0	equ	0x3FEB
   944                           fsr0h	equ	0x3FEA
   945                           fsr0l	equ	0x3FE9
   946                           wreg	equ	0x3FE8
   947                           indf1	equ	0x3FE7
   948                           postinc1	equ	0x3FE6
   949                           postdec1	equ	0x3FE5
   950                           preinc1	equ	0x3FE4
   951                           plusw1	equ	0x3FE3
   952                           fsr1h	equ	0x3FE2
   953                           fsr1l	equ	0x3FE1
   954                           bsr	equ	0x3FE0
   955                           indf2	equ	0x3FDF
   956                           postinc2	equ	0x3FDE
   957                           postdec2	equ	0x3FDD
   958                           preinc2	equ	0x3FDC
   959                           plusw2	equ	0x3FDB
   960                           fsr2h	equ	0x3FDA
   961                           fsr2l	equ	0x3FD9
   962                           status	equ	0x3FD8

Data Sizes:
    Strings     0
    Constant    0
    Data        0
    BSS         9
    Persistent  0
    Stack       0

Auto Spaces:
    Space          Size  Autos    Used
    COMRAM           95      0       9
    BANK0           160      0       0
    BANK1           256      0       0
    BANK2           256      0       0
    BANK3           256      0       0
    BANK4           256      0       0
    BANK5           256      0       0
    BANK6           256      0       0
    BANK7           256      0       0
    BANK8           256      0       0
    BANK9           256      0       0
    BANK10          256      0       0
    BANK11          256      0       0
    BANK12          256      0       0
    BANK13          256      0       0
    BANK14          256      0       0
    BANK15          256      0       0

Pointer List with Targets:

    None.

Critical Paths under _main in COMRAM

    None.

Critical Paths under _main in BANK0

    None.

Critical Paths under _main in BANK1

    None.

Critical Paths under _main in BANK2

    None.

Critical Paths under _main in BANK3

    None.

Critical Paths under _main in BANK4

    None.

Critical Paths under _main in BANK5

    None.

Critical Paths under _main in BANK6

    None.

Critical Paths under _main in BANK7

    None.

Critical Paths under _main in BANK8

    None.

Critical Paths under _main in BANK9

    None.

Critical Paths under _main in BANK10

    None.

Critical Paths under _main in BANK11

    None.

Critical Paths under _main in BANK12

    None.

Critical Paths under _main in BANK13

    None.

Critical Paths under _main in BANK14

    None.

Critical Paths under _main in BANK15

    None.

Call Graph Tables:

 ---------------------------------------------------------------------------------
 (Depth) Function   	        Calls       Base Space   Used Autos Params    Refs
 ---------------------------------------------------------------------------------
 (0) _main                                                 0     0      0       0
                  _SYSTEM_Initialize
 ---------------------------------------------------------------------------------
 (1) _SYSTEM_Initialize                                    0     0      0       0
                    _DMA1_Initialize
              _OSCILLATOR_Initialize
             _PIN_MANAGER_Initialize
                     _PMD_Initialize
           _SystemArbiter_Initialize
                    _TMR0_Initialize
 ---------------------------------------------------------------------------------
 (2) _TMR0_Initialize                                      0     0      0       0
 ---------------------------------------------------------------------------------
 (2) _SystemArbiter_Initialize                             0     0      0       0
 ---------------------------------------------------------------------------------
 (2) _PMD_Initialize                                       0     0      0       0
 ---------------------------------------------------------------------------------
 (2) _PIN_MANAGER_Initialize                               0     0      0       0
 ---------------------------------------------------------------------------------
 (2) _OSCILLATOR_Initialize                                0     0      0       0
 ---------------------------------------------------------------------------------
 (2) _DMA1_Initialize                                      0     0      0       0
 ---------------------------------------------------------------------------------
 Estimated maximum stack depth 2
 ---------------------------------------------------------------------------------

 Call Graph Graphs:

 _main (ROOT)
   _SYSTEM_Initialize
     _DMA1_Initialize
     _OSCILLATOR_Initialize
     _PIN_MANAGER_Initialize
     _PMD_Initialize
     _SystemArbiter_Initialize
     _TMR0_Initialize

 Address spaces:
Name               Size   Autos  Total    Cost      Usage
BIGRAM             FFF      0       0      55        0.0%
EEDATA             400      0       0       0        0.0%
BITBIGSFRhhhll     3B6      0       0      39        0.0%
BITBIGSFRllll      292      0       0      53        0.0%
BITBIGSFRllhhhh    167      0       0      41        0.0%
BITBANK15          100      0       0      34        0.0%
BANK15             100      0       0      35        0.0%
BITBANK14          100      0       0      32        0.0%
BANK14             100      0       0      33        0.0%
BITBANK13          100      0       0      30        0.0%
BANK13             100      0       0      31        0.0%
BITBANK12          100      0       0      28        0.0%
BANK12             100      0       0      29        0.0%
BITBANK11          100      0       0      26        0.0%
BANK11             100      0       0      27        0.0%
BITBANK10          100      0       0      24        0.0%
BANK10             100      0       0      25        0.0%
BITBANK9           100      0       0      22        0.0%
BANK9              100      0       0      23        0.0%
BITBANK8           100      0       0      20        0.0%
BANK8              100      0       0      21        0.0%
BITBANK7           100      0       0      18        0.0%
BANK7              100      0       0      19        0.0%
BITBANK6           100      0       0      16        0.0%
BANK6              100      0       0      17        0.0%
BITBANK5           100      0       0      14        0.0%
BANK5              100      0       0      15        0.0%
BITBANK4           100      0       0      12        0.0%
BANK4              100      0       0      13        0.0%
BITBANK3           100      0       0      10        0.0%
BANK3              100      0       0      11        0.0%
BITBANK2           100      0       0       8        0.0%
BANK2              100      0       0       9        0.0%
BITBANK1           100      0       0       6        0.0%
BANK1              100      0       0       7        0.0%
BITBANK0            A0      0       0       4        0.0%
BANK0               A0      0       0       5        0.0%
BITCOMRAM           5F      0       0       0        0.0%
COMRAM              5F      0       9       1        9.5%
BITBIGSFRllhhhl     4C      0       0      46        0.0%
BITBIGSFRhhhhhh     33      0       0      36        0.0%
BITBIGSFRllhhhh     1C      0       0      43        0.0%
BITBIGSFRllhlll     1C      0       0      51        0.0%
BITBIGSFRllhllh     11      0       0      50        0.0%
BITBIGSFRllhlhh      F      0       0      48        0.0%
BITBIGSFRlllh        F      0       0      52        0.0%
BITBIGSFRllhhhl      B      0       0      45        0.0%
BITBIGSFRllhhhl      B      0       0      44        0.0%
BITBIGSFRhhhhhl      7      0       0      37        0.0%
BITBIGSFRhhhhl       5      0       0      38        0.0%
BITBIGSFRllhhl       3      0       0      47        0.0%
BITBIGSFRllhhhh      2      0       0      42        0.0%
BITBIGSFRlh          2      0       0      40        0.0%
BITBIGSFRllhlhl      1      0       0      49        0.0%
BIGSFR               0      0       0     200        0.0%
BITSFR_9             0      0       0     200        0.0%
SFR_9                0      0       0     200        0.0%
BITSFR_8             0      0       0     200        0.0%
SFR_8                0      0       0     200        0.0%
BITSFR_7             0      0       0     200        0.0%
SFR_7                0      0       0     200        0.0%
BITSFR_6             0      0       0     200        0.0%
SFR_6                0      0       0     200        0.0%
BITSFR_5             0      0       0     200        0.0%
SFR_5                0      0       0     200        0.0%
BITSFR_4             0      0       0     200        0.0%
SFR_4                0      0       0     200        0.0%
BITSFR_3             0      0       0     200        0.0%
SFR_3                0      0       0     200        0.0%
BITSFR_2             0      0       0     200        0.0%
SFR_2                0      0       0     200        0.0%
BITSFR_1             0      0       0     200        0.0%
SFR_1                0      0       0     200        0.0%
BITSFR               0      0       0     200        0.0%
SFR                  0      0       0     200        0.0%
STACK                0      0       0       2        0.0%
NULL                 0      0       0       0        0.0%
ABS                  0      0       9      54        0.0%
DATA                 0      0       9       3        0.0%
CODE                 0      0       0       0        0.0%


Microchip Technology PIC18 Macro Assembler V2.40 build 20220703182018 
Symbol Table                                                                                   Sun Dec 10 03:04:34 2023

                              l41 FFAE                                l95 FEE8  
                              u10 FF62                                u11 FF5E  
                             l225 FFFA                               l170 FF62  
                             l243 FEF8                               l164 FF18  
                             l244 FEF8                               l173 FF3C  
                             l167 FF54                               l176 FEC0  
                             l930 FF9E                               l922 FF64  
                             l932 FFA0                               l924 FF96  
                             l940 FED4                               l934 FFA2  
                             l926 FF9A                               l950 FFBE  
                             l942 FEE0                               l936 FFA4  
                             l928 FF9C                               l960 FFEE  
                             l952 FFCA                               l944 FF1A  
                             l938 FFA6                               l962 FFF0  
                             l954 FFCC                               l946 FFB0  
                             l970 FEB4                               l964 FFF2  
                             l956 FFEA                               l948 FFBC  
                             l972 FEBE                               l966 FFF4  
                             l958 FFEC                               l974 FF00  
                             l968 FF3E                               wreg 003FE8  
                            l1026 FEEA                              l1028 FEEE  
                            _LATA 003FBA                              _LATB 003FBB  
                            _LATC 003FBC                              _PMD0 0039C0  
                            _PMD1 0039C1                              _PMD2 0039C2  
                            _PMD3 0039C3                              _PMD4 0039C4  
                            _PMD5 0039C5                              _PMD6 0039C6  
                            _PMD7 0039C7                              _PLLR 01CEE0  
                            _WPUA 003A41                              _WPUB 003A51  
                            _WPUC 003A61                              _WPUE 003A81  
                            _main FEEA                              start FFFC  
                    ___param_bank 000000           __end_of_TMR0_Initialize FEEA  
   __end_of_OSCILLATOR_Initialize FF64                             ?_main 0000  
                           _OSCEN 0039DD                             _TMR0H 003FB7  
                           _TMR0L 003FB6                             _PORTC 003FCC  
                           _TRISA 003FC2                             _TRISB 003FC3  
                           _TRISC 003FC4                      _DMA1CON0bits 003BFC  
                    _DMA1CON1bits 003BFD                   __initialization FEC2  
                    __end_of_main FF00                            ??_main 0000  
                   __activetblptr 000000                            _DMA1PR 0039F3  
                          _ANSELA 003A40                            _ANSELB 003A50  
                          _ANSELC 003A60                            _T0CON0 003FB8  
                          _T0CON1 003FB9                            _ODCONA 003A42  
                          _ODCONB 003A52                            _ODCONC 003A62  
                          _INLVLA 003A44                            _INLVLB 003A54  
                          _INLVLC 003A64                            _INLVLE 003A84  
                          _OSCFRQ 0039DF                            _PRLOCK 0039EF  
                ?_TMR0_Initialize 0000                            clear_0 FEC8  
                          isa$std 000001                       _DstVarName0 0009  
                  _PMD_Initialize FF1A                 _SYSTEM_Initialize FF00  
                      __accesstop 0060           __end_of__initialization FECE  
              ?_SYSTEM_Initialize 0000                     ___rparam_used 000001  
               ??_DMA1_Initialize 0000                    __pcstackCOMRAM 0000  
             ??_SYSTEM_Initialize 0000            __end_of_PMD_Initialize FF3E  
       __end_of_SYSTEM_Initialize FF1A          _SystemArbiter_Initialize FEB4  
                         _DMA1DSA 003BF0                           _DMA1DSZ 003BEE  
                         _DMA1SSA 003BF9                           _DMA1SSZ 003BF7  
                 ?_PMD_Initialize 0000                           _OSCCON1 0039D9  
                         _OSCCON3 0039DB                           _OSCTUNE 0039DE  
                         _SLRCONA 003A43                           _SLRCONB 003A53  
                         _SLRCONC 003A63                           __Hparam 0000  
                     _SrcVarName0 0001                           __Lparam 0000  
                         __pcinit FEC2                           __ramtop 1000  
                         __ptext0 FEEA                           __ptext1 FF00  
                         __ptext2 FED4                           __ptext3 FEB4  
                         __ptext4 FF1A                           __ptext5 FFB0  
                         __ptext6 FF3E                           __ptext7 FF64  
           _OSCILLATOR_Initialize FF3E          ??_PIN_MANAGER_Initialize 0000  
            end_of_initialization FECE                           postinc0 003FEE  
                 _DMA1_Initialize FF64            ?_OSCILLATOR_Initialize 0000  
             start_initialization FEC2        ??_SystemArbiter_Initialize 0000  
                ??_PMD_Initialize 0000           __end_of_DMA1_Initialize FFB0  
                     __pbssCOMRAM 0001            _PIN_MANAGER_Initialize FFB0  
                        _DMA1CON0 003BFC                          _DMA1CON1 003BFD  
                        _DMA1AIRQ 003BFE                          _DMA1DPTR 003BEC  
                        _DMA1SIRQ 003BFF                          _DMA1SPTR 003BF4  
               ??_TMR0_Initialize 0000                          _PIE2bits 003992  
                        _PIR2bits 0039A2                          _PIR3bits 0039A3  
__end_of_SystemArbiter_Initialize FEC2                  ?_DMA1_Initialize 0000  
                        __Hrparam 0000                          __Lrparam 0000  
         ??_OSCILLATOR_Initialize 0000                        _T0CON0bits 003FB8  
                        isa$xinst 000000           ?_PIN_MANAGER_Initialize 0000  
       ?_SystemArbiter_Initialize 0000                        _PRLOCKbits 0039EF  
                 _TMR0_Initialize FED4    __end_of_PIN_MANAGER_Initialize FFFC  
